<?xml version="1.0" encoding="UTF-8"?>
<!-- Generated by org.testng.reporters.JUnitReportReporter -->
<testsuite name="com.klindziuk.protesting.BackgroundTest" tests="1" time="4.889" ignored="0" failures="0" timestamp="06 апр 2017 11:19:32 GMT" skipped="0" hostname="Pk" errors="0">
  <testcase name="backgroundImageTest" time="4.889" classname="com.klindziuk.protesting.BackgroundTest"/>
</testsuite> <!-- com.klindziuk.protesting.BackgroundTest -->
