<?xml version="1.0" encoding="UTF-8"?>
<!-- Generated by org.testng.reporters.JUnitReportReporter -->
<testsuite name="com.klindziuk.protesting.ProtestingFacebookMessage" tests="1" time="45.759" ignored="0" failures="0" timestamp="23 апр 2017 17:35:58 GMT" skipped="0" hostname="Pk" errors="0">
  <testcase name="FacebookMessage" time="45.759" classname="com.klindziuk.protesting.ProtestingFacebookMessage"/>
</testsuite> <!-- com.klindziuk.protesting.ProtestingFacebookMessage -->
