<?xml version="1.0" encoding="UTF-8"?>
<!-- Generated by org.testng.reporters.JUnitReportReporter -->
<testsuite name="com.klindziuk.protesting.BackgroundTest" tests="1" time="16.905" ignored="0" failures="0" timestamp="22 апр 2017 12:42:27 GMT" skipped="0" hostname="Pk" errors="0">
  <testcase name="backgroundImageTest" time="16.905" classname="com.klindziuk.protesting.BackgroundTest"/>
</testsuite> <!-- com.klindziuk.protesting.BackgroundTest -->
