<?xml version="1.0" encoding="UTF-8"?>
<!-- Generated by org.testng.reporters.JUnitReportReporter -->
<testsuite hostname="Pk" name="com.klindziuk.protesting.BackgroundTest" tests="1" failures="0" timestamp="1 May 2017 12:11:46 GMT" time="15.557" errors="0">
  <testcase name="backgroundImageTest" time="15.557" classname="com.klindziuk.protesting.BackgroundTest"/>
</testsuite> <!-- com.klindziuk.protesting.BackgroundTest -->
