<?xml version="1.0" encoding="UTF-8"?>
<!-- Generated by org.testng.reporters.JUnitReportReporter -->
<testsuite hostname="Pk" name="com.klindziuk.protesting.BackgroundTest" tests="1" failures="0" timestamp="23 Apr 2017 17:28:22 GMT" time="7.073" errors="0">
  <testcase name="backgroundImageTest" time="7.073" classname="com.klindziuk.protesting.BackgroundTest"/>
</testsuite> <!-- com.klindziuk.protesting.BackgroundTest -->
