<?xml version="1.0" encoding="UTF-8"?>
<!-- Generated by org.testng.reporters.JUnitReportReporter -->
<testsuite hostname="Pk" name="com.klindziuk.protesting.ProtestingFacebookMessage" tests="1" failures="0" timestamp="24 Apr 2017 09:06:40 GMT" time="29.653" errors="0">
  <testcase name="FacebookMessage" time="29.653" classname="com.klindziuk.protesting.ProtestingFacebookMessage"/>
</testsuite> <!-- com.klindziuk.protesting.ProtestingFacebookMessage -->
