<?xml version="1.0" encoding="UTF-8"?>
<!-- Generated by org.testng.reporters.JUnitReportReporter -->
<testsuite hostname="Pk" name="com.klindziuk.protesting.BackgroundTest" tests="1" failures="1" timestamp="1 May 2017 12:13:28 GMT" time="0.001" errors="0">
  <testcase name="backgroundImageTest" time="0.001" classname="com.klindziuk.protesting.BackgroundTest">
    <failure type="java.lang.RuntimeException" message="javax.mail.AuthenticationFailedException: 454 4.7.0 Too many login attempts, please try again later. t26sm1221078lja.25 - gsmtp
">
      <![CDATA[java.lang.RuntimeException: javax.mail.AuthenticationFailedException: 454 4.7.0 Too many login attempts, please try again later. t26sm1221078lja.25 - gsmtp

	at com.klindziuk.protesting.util.Mail.sendMail(Mail.java:43)
	at com.klindziuk.protesting.BackgroundTest.beforeSuite(BackgroundTest.java:26)
	at sun.reflect.NativeMethodAccessorImpl.invoke0(Native Method)
	at sun.reflect.NativeMethodAccessorImpl.invoke(NativeMethodAccessorImpl.java:62)
	at sun.reflect.DelegatingMethodAccessorImpl.invoke(DelegatingMethodAccessorImpl.java:43)
	at java.lang.reflect.Method.invoke(Method.java:497)
	at org.testng.internal.MethodInvocationHelper.invokeMethod(MethodInvocationHelper.java:80)
	at org.testng.internal.Invoker.invokeConfigurationMethod(Invoker.java:564)
	at org.testng.internal.Invoker.invokeConfigurations(Invoker.java:213)
	at org.testng.internal.Invoker.invokeConfigurations(Invoker.java:138)
	at org.testng.internal.TestMethodWorker.invokeBeforeClassMethods(TestMethodWorker.java:175)
	at org.testng.internal.TestMethodWorker.run(TestMethodWorker.java:107)
	at java.util.concurrent.ThreadPoolExecutor.runWorker(ThreadPoolExecutor.java:1142)
	at java.util.concurrent.ThreadPoolExecutor$Worker.run(ThreadPoolExecutor.java:617)
	at java.lang.Thread.run(Thread.java:745)
Caused by: javax.mail.AuthenticationFailedException: 454 4.7.0 Too many login attempts, please try again later. t26sm1221078lja.25 - gsmtp

	at com.sun.mail.smtp.SMTPTransport$Authenticator.authenticate(SMTPTransport.java:823)
	at com.sun.mail.smtp.SMTPTransport.authenticate(SMTPTransport.java:756)
	at com.sun.mail.smtp.SMTPTransport.protocolConnect(SMTPTransport.java:673)
	at javax.mail.Service.connect(Service.java:317)
	at javax.mail.Service.connect(Service.java:176)
	at javax.mail.Service.connect(Service.java:125)
	at javax.mail.Transport.send0(Transport.java:194)
	at javax.mail.Transport.send(Transport.java:124)
	at com.klindziuk.protesting.util.Mail.sendMail(Mail.java:40)
	... 14 more
]]>
    </failure>
  </testcase> <!-- backgroundImageTest -->
</testsuite> <!-- com.klindziuk.protesting.BackgroundTest -->
