<?xml version="1.0" encoding="UTF-8"?>
<!-- Generated by org.testng.reporters.JUnitReportReporter -->
<testsuite hostname="Pk" name="com.klindziuk.protesting.ProtestingFacebookMessage" tests="1" failures="0" timestamp="23 Apr 2017 21:25:17 GMT" time="23.535" errors="0">
  <testcase name="FacebookMessage" time="23.535" classname="com.klindziuk.protesting.ProtestingFacebookMessage"/>
</testsuite> <!-- com.klindziuk.protesting.ProtestingFacebookMessage -->
