<?xml version="1.0" encoding="UTF-8"?>
<!-- Generated by org.testng.reporters.JUnitReportReporter -->
<testsuite hostname="Pk" name="com.klindziuk.protesting.BackgroundTest" tests="1" failures="0" timestamp="24 Apr 2017 09:06:41 GMT" time="9.021" errors="0">
  <testcase name="backgroundImageTest" time="9.021" classname="com.klindziuk.protesting.BackgroundTest"/>
</testsuite> <!-- com.klindziuk.protesting.BackgroundTest -->
