<?xml version="1.0" encoding="UTF-8"?>
<!-- Generated by org.testng.reporters.JUnitReportReporter -->
<testsuite hostname="Pk" name="com.klindziuk.protesting.BackgroundTest" tests="1" failures="0" timestamp="23 Apr 2017 21:25:17 GMT" time="6.739" errors="0">
  <testcase name="backgroundImageTest" time="6.739" classname="com.klindziuk.protesting.BackgroundTest"/>
</testsuite> <!-- com.klindziuk.protesting.BackgroundTest -->
