<?xml version="1.0" encoding="UTF-8"?>
<!-- Generated by org.testng.reporters.JUnitReportReporter -->
<testsuite hostname="Pk" name="com.klindziuk.protesting.ProtestingFacebookMessage" tests="1" failures="0" timestamp="1 May 2017 12:23:15 GMT" time="114.892" errors="0">
  <testcase name="FacebookMessage" time="114.892" classname="com.klindziuk.protesting.ProtestingFacebookMessage"/>
</testsuite> <!-- com.klindziuk.protesting.ProtestingFacebookMessage -->
